<?xml version="1.0" encoding="UTF-8"?>
<!-- Generated by org.testng.reporters.JUnitXMLReporter -->
<testsuite ignored="0" hostname="MOHIT" failures="0" tests="5" name="Default test" time="123.001" errors="0" timestamp="2024-12-02T13:53:25 IST">
  <testcase classname="Test.MXApp" name="testgeneralStore" time="0.018"/>
  <testcase classname="Test.MXApp" name="Touch" time="15.145"/>
  <testcase classname="Test.MXApp" name="scrolll" time="27.511"/>
  <testcase classname="Test.MXApp" name="click" time="13.199"/>
  <testcase classname="Test.MXApp" name="send" time="7.011"/>
</testsuite> <!-- Default test -->
